<?xml version="1.0" encoding="UTF-8"?>
<!-- Generated by org.testng.reporters.JUnitReportReporter -->
<testsuite hostname="DESKTOP-HR5OPSO" failures="0" tests="1" name="DemoAPI.TC001_GET_REQUEST" time="9.145" errors="0" timestamp="2020-11-25T16:07:21 IST" skipped="0">
  <testcase classname="DemoAPI.TC001_GET_REQUEST" name="GetUserDetails" time="9.145"/>
  <system-out/>
</testsuite> <!-- DemoAPI.TC001_GET_REQUEST -->
