<?xml version="1.0" encoding="UTF-8"?>
<!-- Generated by org.testng.reporters.JUnitReportReporter -->
<testsuite hostname="DESKTOP-HR5OPSO" failures="0" tests="1" name="org.RestApi.TestCases.TC00_DELETE_REQUEST" time="0.004" errors="0" timestamp="2020-11-26T17:06:14 IST" skipped="0">
  <testcase classname="org.RestApi.TestCases.TC00_DELETE_REQUEST" name="Resbody" time="0.004"/>
  <system-out/>
</testsuite> <!-- org.RestApi.TestCases.TC00_DELETE_REQUEST -->
