<?xml version="1.0" encoding="UTF-8"?>
<!-- Generated by org.testng.reporters.JUnitReportReporter -->
<testsuite hostname="DESKTOP-HR5OPSO" failures="0" tests="4" name="org.RestApi.TestCases.TC004_GET_REQUEST" time="0.046" errors="0" timestamp="2020-11-26T17:06:14 IST" skipped="0">
  <testcase classname="org.RestApi.TestCases.TC004_GET_REQUEST" name="CheckStstuscode" time="0.014"/>
  <system-out/>
  <testcase classname="org.RestApi.TestCases.TC004_GET_REQUEST" name="CheckStstusLine" time="0.007"/>
  <system-out/>
  <testcase classname="org.RestApi.TestCases.TC004_GET_REQUEST" name="GetAllHeaders" time="0.015"/>
  <system-out/>
  <testcase classname="org.RestApi.TestCases.TC004_GET_REQUEST" name="GetUserDetails" time="0.010"/>
  <system-out/>
</testsuite> <!-- org.RestApi.TestCases.TC004_GET_REQUEST -->
