<?xml version="1.0" encoding="UTF-8"?>
<!-- Generated by org.testng.reporters.JUnitReportReporter -->
<testsuite hostname="DESKTOP-HR5OPSO" failures="0" tests="1" name="DemoAPI.TC002_POST_REQUEST" time="18.378" errors="0" timestamp="2020-11-26T12:21:17 IST" skipped="0">
  <testcase classname="DemoAPI.TC002_POST_REQUEST" name="PostUserDetails" time="18.378"/>
  <system-out/>
</testsuite> <!-- DemoAPI.TC002_POST_REQUEST -->
