<?xml version="1.0" encoding="UTF-8"?>
<!-- Generated by org.testng.reporters.JUnitReportReporter -->
<testsuite hostname="DESKTOP-HR5OPSO" failures="0" tests="1" name="DemoAPI.TC004_GET_REQUEST" time="9.840" errors="0" timestamp="2020-11-25T14:23:57 IST" skipped="0">
  <testcase classname="DemoAPI.TC004_GET_REQUEST" name="GetUserAllData" time="9.840"/>
  <system-out/>
</testsuite> <!-- DemoAPI.TC004_GET_REQUEST -->
