<?xml version="1.0" encoding="UTF-8"?>
<!-- Generated by org.testng.reporters.JUnitReportReporter -->
<testsuite hostname="DESKTOP-HR5OPSO" failures="0" tests="1" name="DemoAPI.TC003_GET_REQUEST" time="19.294" errors="0" timestamp="2020-11-24T20:25:11 IST" skipped="0">
  <testcase classname="DemoAPI.TC003_GET_REQUEST" name="GetUserDetails1" time="19.294"/>
  <system-out/>
</testsuite> <!-- DemoAPI.TC003_GET_REQUEST -->
