<?xml version="1.0" encoding="UTF-8"?>
<!-- Generated by org.testng.reporters.JUnitReportReporter -->
<testsuite hostname="DESKTOP-HR5OPSO" failures="0" tests="1" name="DemoAPI.TC006_GET_REQUEST" time="10.840" errors="0" timestamp="2020-11-25T15:43:00 IST" skipped="0">
  <testcase classname="DemoAPI.TC006_GET_REQUEST" name="ValidateAllJsonResponse" time="10.840"/>
  <system-out/>
</testsuite> <!-- DemoAPI.TC006_GET_REQUEST -->
