<?xml version="1.0" encoding="UTF-8"?>
<!-- Generated by org.testng.reporters.JUnitReportReporter -->
<testsuite hostname="DESKTOP-HR5OPSO" failures="0" tests="3" name="org.RestApi.TestCases.TC001_GET_REQUEST" time="0.092" errors="0" timestamp="2020-11-26T19:29:26 IST" skipped="0">
  <testcase classname="org.RestApi.TestCases.TC001_GET_REQUEST" name="CheckStstusLine" time="0.012"/>
  <system-out/>
  <testcase classname="org.RestApi.TestCases.TC001_GET_REQUEST" name="GetUserDetails" time="0.077"/>
  <system-out/>
  <testcase classname="org.RestApi.TestCases.TC001_GET_REQUEST" name="CheckStstuscode" time="0.003"/>
  <system-out/>
</testsuite> <!-- org.RestApi.TestCases.TC001_GET_REQUEST -->
