<?xml version="1.0" encoding="UTF-8"?>
<!-- Generated by org.testng.reporters.JUnitReportReporter -->
<testsuite hostname="DESKTOP-HR5OPSO" failures="0" tests="1" name="org.RestApi.TestCases.TC00_PUT_REQUEST" time="0.003" errors="0" timestamp="2020-11-26T19:29:26 IST" skipped="0">
  <testcase classname="org.RestApi.TestCases.TC00_PUT_REQUEST" name="Resbody" time="0.003"/>
  <system-out/>
</testsuite> <!-- org.RestApi.TestCases.TC00_PUT_REQUEST -->
